app/build/outputs/logs/manifest-merger-debug-report.txt
-- Merging decision tree log ---
manifest
ADDED from src/main/AndroidManifest.xml:2:1-225:12
INJECTED from src/main/AndroidManifest.xml:2:1-225:12
INJECTED from src/main/AndroidManifest.xml:2:1-225:12
INJECTED from src/main/AndroidManifest.xml:2:1-225:12
MERGED from [com.android.support.constraint:constraint-layout:1.0.2] AndroidManifest.xml:2:1-11:12
MERGED from [com.android.support:design:26.0.0] AndroidManifest.xml:17:1-31:12
MERGED from [com.android.support:appcompat-v7:26.0.0] AndroidManifest.xml:17:1-31:12
MERGED from [com.android.support:transition:26.0.0] AndroidManifest.xml:17:1-28:12
MERGED from [com.android.support:support-v4:26.0.0] AndroidManifest.xml:17:1-31:12
MERGED from [com.crashlytics.sdk.android:crashlytics:2.6.8] AndroidManifest.xml:2:1-13:12
MERGED from [com.android.support:support-media-compat:26.0.0] AndroidManifest.xml:17:1-31:12
MERGED from [com.android.support:support-fragment:26.0.0] AndroidManifest.xml:17:1-31:12
MERGED from [com.android.support:support-core-utils:26.0.0] AndroidManifest.xml:17:1-31:12
MERGED from [com.android.support:animated-vector-drawable:26.0.0] AndroidManifest.xml:17:1-28:12
MERGED from [com.android.support:recyclerview-v7:26.0.0] AndroidManifest.xml:17:1-28:12
MERGED from [com.android.support:support-core-ui:26.0.0] AndroidManifest.xml:17:1-31:12
MERGED from [com.android.support:support-vector-drawable:26.0.0] AndroidManifest.xml:17:1-28:12
MERGED from [com.android.support:support-compat:26.0.0] AndroidManifest.xml:17:1-31:12
MERGED from [com.android.support:multidex:1.0.1] AndroidManifest.xml:16:1-19:12
MERGED from [com.crashlytics.sdk.android:beta:1.2.5] AndroidManifest.xml:2:1-13:12
MERGED from [com.crashlytics.sdk.android:crashlytics-core:2.3.17] AndroidManifest.xml:45:1-56:12
MERGED from [com.crashlytics.sdk.android:answers:1.3.13] AndroidManifest.xml:2:1-13:12
MERGED from [io.fabric.sdk.android:fabric:1.3.17] AndroidManifest.xml:22:1-33:12
INJECTED from src/main/AndroidManifest.xml:2:1-225:12
INJECTED from src/main/AndroidManifest.xml:2:1-225:12
INJECTED from src/main/AndroidManifest.xml:2:1-225:12
	package
		ADDED from src/main/AndroidManifest.xml:3:5-27
		INJECTED from src/main/AndroidManifest.xml
		INJECTED from src/main/AndroidManifest.xml
	android:versionName
		ADDED from src/main/AndroidManifest.xml:5:5-30
		INJECTED from src/main/AndroidManifest.xml
		INJECTED from src/main/AndroidManifest.xml
	xmlns:android
		ADDED from src/main/AndroidManifest.xml:2:11-69
	android:versionCode
		ADDED from src/main/AndroidManifest.xml:4:5-28
		INJECTED from src/main/AndroidManifest.xml
		INJECTED from src/main/AndroidManifest.xml
uses-permission#android.permission.READ_PHONE_STATE
ADDED from src/main/AndroidManifest.xml:7:5-75
	android:name
		ADDED from src/main/AndroidManifest.xml:7:22-72
uses-permission#android.permission.SEND_SMS
ADDED from src/main/AndroidManifest.xml:8:5-67
	android:name
		ADDED from src/main/AndroidManifest.xml:8:22-64
uses-permission#android.permission.RECEIVE_SMS
ADDED from src/main/AndroidManifest.xml:9:5-86
	android:name
		ADDED from src/main/AndroidManifest.xml:9:22-67
uses-permission#android.permission.READ_SMS
ADDED from src/main/AndroidManifest.xml:10:5-67
	android:name
		ADDED from src/main/AndroidManifest.xml:10:22-64
uses-permission#android.permission.WRITE_EXTERNAL_STORAGE
ADDED from src/main/AndroidManifest.xml:11:5-81
	android:name
		ADDED from src/main/AndroidManifest.xml:11:22-78
uses-permission#android.permission.INTERNET
ADDED from src/main/AndroidManifest.xml:12:5-67
MERGED from [com.crashlytics.sdk.android:crashlytics:2.6.8] AndroidManifest.xml:9:5-67
MERGED from [com.crashlytics.sdk.android:crashlytics:2.6.8] AndroidManifest.xml:9:5-67
MERGED from [com.crashlytics.sdk.android:beta:1.2.5] AndroidManifest.xml:9:5-67
MERGED from [com.crashlytics.sdk.android:beta:1.2.5] AndroidManifest.xml:9:5-67
MERGED from [com.crashlytics.sdk.android:crashlytics-core:2.3.17] AndroidManifest.xml:52:5-67
MERGED from [com.crashlytics.sdk.android:crashlytics-core:2.3.17] AndroidManifest.xml:52:5-67
MERGED from [com.crashlytics.sdk.android:answers:1.3.13] AndroidManifest.xml:9:5-67
MERGED from [com.crashlytics.sdk.android:answers:1.3.13] AndroidManifest.xml:9:5-67
MERGED from [io.fabric.sdk.android:fabric:1.3.17] AndroidManifest.xml:29:5-67
MERGED from [io.fabric.sdk.android:fabric:1.3.17] AndroidManifest.xml:29:5-67
	android:name
		ADDED from src/main/AndroidManifest.xml:12:22-64
uses-permission#android.permission.ACCESS_NETWORK_STATE
ADDED from src/main/AndroidManifest.xml:13:5-78
	android:name
		ADDED from src/main/AndroidManifest.xml:13:22-76
uses-sdk
ADDED from src/main/AndroidManifest.xml:16:5-18:41
INJECTED from src/main/AndroidManifest.xml:16:5-18:41
INJECTED from src/main/AndroidManifest.xml:16:5-18:41
MERGED from [com.android.support.constraint:constraint-layout:1.0.2] AndroidManifest.xml:5:5-7:41
MERGED from [com.android.support.constraint:constraint-layout:1.0.2] AndroidManifest.xml:5:5-7:41
MERGED from [com.android.support:design:26.0.0] AndroidManifest.xml:21:5-23:62
MERGED from [com.android.support:design:26.0.0] AndroidManifest.xml:21:5-23:62
MERGED from [com.android.support:appcompat-v7:26.0.0] AndroidManifest.xml:21:5-23:78
MERGED from [com.android.support:appcompat-v7:26.0.0] AndroidManifest.xml:21:5-23:78
MERGED from [com.android.support:transition:26.0.0] AndroidManifest.xml:20:5-44
MERGED from [com.android.support:transition:26.0.0] AndroidManifest.xml:20:5-44
MERGED from [com.android.support:support-v4:26.0.0] AndroidManifest.xml:21:5-23:54
MERGED from [com.android.support:support-v4:26.0.0] AndroidManifest.xml:21:5-23:54
MERGED from [com.crashlytics.sdk.android:crashlytics:2.6.8] AndroidManifest.xml:7:5-43
MERGED from [com.crashlytics.sdk.android:crashlytics:2.6.8] AndroidManifest.xml:7:5-43
MERGED from [com.android.support:support-media-compat:26.0.0] AndroidManifest.xml:21:5-23:63
MERGED from [com.android.support:support-media-compat:26.0.0] AndroidManifest.xml:21:5-23:63
MERGED from [com.android.support:support-fragment:26.0.0] AndroidManifest.xml:21:5-23:60
MERGED from [com.android.support:support-fragment:26.0.0] AndroidManifest.xml:21:5-23:60
MERGED from [com.android.support:support-core-utils:26.0.0] AndroidManifest.xml:21:5-23:61
MERGED from [com.android.support:support-core-utils:26.0.0] AndroidManifest.xml:21:5-23:61
MERGED from [com.android.support:animated-vector-drawable:26.0.0] AndroidManifest.xml:20:5-44
MERGED from [com.android.support:animated-vector-drawable:26.0.0] AndroidManifest.xml:20:5-44
MERGED from [com.android.support:recyclerview-v7:26.0.0] AndroidManifest.xml:20:5-44
MERGED from [com.android.support:recyclerview-v7:26.0.0] AndroidManifest.xml:20:5-44
MERGED from [com.android.support:support-core-ui:26.0.0] AndroidManifest.xml:21:5-23:58
MERGED from [com.android.support:support-core-ui:26.0.0] AndroidManifest.xml:21:5-23:58
MERGED from [com.android.support:support-vector-drawable:26.0.0] AndroidManifest.xml:20:5-44
MERGED from [com.android.support:support-vector-drawable:26.0.0] AndroidManifest.xml:20:5-44
MERGED from [com.android.support:support-compat:26.0.0] AndroidManifest.xml:21:5-23:58
MERGED from [com.android.support:support-compat:26.0.0] AndroidManifest.xml:21:5-23:58
MERGED from [com.android.support:multidex:1.0.1] AndroidManifest.xml:18:5-42
MERGED from [com.android.support:multidex:1.0.1] AndroidManifest.xml:18:5-42
MERGED from [com.crashlytics.sdk.android:beta:1.2.5] AndroidManifest.xml:7:5-43
MERGED from [com.crashlytics.sdk.android:beta:1.2.5] AndroidManifest.xml:7:5-43
MERGED from [com.crashlytics.sdk.android:crashlytics-core:2.3.17] AndroidManifest.xml:50:5-43
MERGED from [com.crashlytics.sdk.android:crashlytics-core:2.3.17] AndroidManifest.xml:50:5-43
MERGED from [com.crashlytics.sdk.android:answers:1.3.13] AndroidManifest.xml:7:5-43
MERGED from [com.crashlytics.sdk.android:answers:1.3.13] AndroidManifest.xml:7:5-43
MERGED from [io.fabric.sdk.android:fabric:1.3.17] AndroidManifest.xml:27:5-43
MERGED from [io.fabric.sdk.android:fabric:1.3.17] AndroidManifest.xml:27:5-43
INJECTED from src/main/AndroidManifest.xml:16:5-18:41
INJECTED from src/main/AndroidManifest.xml:16:5-18:41
	tools:overrideLibrary
		ADDED from [com.android.support:design:26.0.0] AndroidManifest.xml:23:9-59
	android:targetSdkVersion
		ADDED from src/main/AndroidManifest.xml:18:9-38
		INJECTED from src/main/AndroidManifest.xml
		INJECTED from src/main/AndroidManifest.xml
	android:minSdkVersion
		ADDED from src/main/AndroidManifest.xml:17:9-35
		INJECTED from src/main/AndroidManifest.xml
		INJECTED from src/main/AndroidManifest.xml
application
ADDED from src/main/AndroidManifest.xml:20:5-223:19
MERGED from [com.android.support.constraint:constraint-layout:1.0.2] AndroidManifest.xml:9:5-20
MERGED from [com.android.support.constraint:constraint-layout:1.0.2] AndroidManifest.xml:9:5-20
MERGED from [com.android.support:design:26.0.0] AndroidManifest.xml:25:5-29:19
MERGED from [com.android.support:design:26.0.0] AndroidManifest.xml:25:5-29:19
MERGED from [com.android.support:appcompat-v7:26.0.0] AndroidManifest.xml:25:5-29:19
MERGED from [com.android.support:appcompat-v7:26.0.0] AndroidManifest.xml:25:5-29:19
MERGED from [com.android.support:transition:26.0.0] AndroidManifest.xml:22:5-26:19
MERGED from [com.android.support:transition:26.0.0] AndroidManifest.xml:22:5-26:19
MERGED from [com.android.support:support-v4:26.0.0] AndroidManifest.xml:25:5-29:19
MERGED from [com.android.support:support-v4:26.0.0] AndroidManifest.xml:25:5-29:19
MERGED from [com.crashlytics.sdk.android:crashlytics:2.6.8] AndroidManifest.xml:11:5-20
MERGED from [com.crashlytics.sdk.android:crashlytics:2.6.8] AndroidManifest.xml:11:5-20
MERGED from [com.android.support:support-media-compat:26.0.0] AndroidManifest.xml:25:5-29:19
MERGED from [com.android.support:support-media-compat:26.0.0] AndroidManifest.xml:25:5-29:19
MERGED from [com.android.support:support-fragment:26.0.0] AndroidManifest.xml:25:5-29:19
MERGED from [com.android.support:support-fragment:26.0.0] AndroidManifest.xml:25:5-29:19
MERGED from [com.android.support:support-core-utils:26.0.0] AndroidManifest.xml:25:5-29:19
MERGED from [com.android.support:support-core-utils:26.0.0] AndroidManifest.xml:25:5-29:19
MERGED from [com.android.support:animated-vector-drawable:26.0.0] AndroidManifest.xml:22:5-26:19
MERGED from [com.android.support:animated-vector-drawable:26.0.0] AndroidManifest.xml:22:5-26:19
MERGED from [com.android.support:recyclerview-v7:26.0.0] AndroidManifest.xml:22:5-26:19
MERGED from [com.android.support:recyclerview-v7:26.0.0] AndroidManifest.xml:22:5-26:19
MERGED from [com.android.support:support-core-ui:26.0.0] AndroidManifest.xml:25:5-29:19
MERGED from [com.android.support:support-core-ui:26.0.0] AndroidManifest.xml:25:5-29:19
MERGED from [com.android.support:support-vector-drawable:26.0.0] AndroidManifest.xml:22:5-26:19
MERGED from [com.android.support:support-vector-drawable:26.0.0] AndroidManifest.xml:22:5-26:19
MERGED from [com.android.support:support-compat:26.0.0] AndroidManifest.xml:25:5-29:19
MERGED from [com.android.support:support-compat:26.0.0] AndroidManifest.xml:25:5-29:19
MERGED from [com.crashlytics.sdk.android:beta:1.2.5] AndroidManifest.xml:11:5-20
MERGED from [com.crashlytics.sdk.android:beta:1.2.5] AndroidManifest.xml:11:5-20
MERGED from [com.crashlytics.sdk.android:crashlytics-core:2.3.17] AndroidManifest.xml:54:5-20
MERGED from [com.crashlytics.sdk.android:crashlytics-core:2.3.17] AndroidManifest.xml:54:5-20
MERGED from [com.crashlytics.sdk.android:answers:1.3.13] AndroidManifest.xml:11:5-20
MERGED from [com.crashlytics.sdk.android:answers:1.3.13] AndroidManifest.xml:11:5-20
MERGED from [io.fabric.sdk.android:fabric:1.3.17] AndroidManifest.xml:31:5-20
MERGED from [io.fabric.sdk.android:fabric:1.3.17] AndroidManifest.xml:31:5-20
	android:supportsRtl
		ADDED from src/main/AndroidManifest.xml:25:9-35
	android:label
		ADDED from src/main/AndroidManifest.xml:24:9-41
	android:icon
		ADDED from src/main/AndroidManifest.xml:23:9-44
	android:allowBackup
		ADDED from src/main/AndroidManifest.xml:22:9-35
	android:theme
		ADDED from src/main/AndroidManifest.xml:26:9-40
	android:name
		ADDED from src/main/AndroidManifest.xml:21:9-54
receiver#sms.IncomingSms
ADDED from src/main/AndroidManifest.xml:31:9-35:20
	android:name
		ADDED from src/main/AndroidManifest.xml:31:19-49
intent-filter#action:name:android.provider.Telephony.SMS_RECEIVED
ADDED from src/main/AndroidManifest.xml:32:13-34:29
action#android.provider.Telephony.SMS_RECEIVED
ADDED from src/main/AndroidManifest.xml:33:17-82
	android:name
		ADDED from src/main/AndroidManifest.xml:33:25-79
receiver#sms.ConnectivityChangeReceiver
ADDED from src/main/AndroidManifest.xml:37:9-41:20
	android:enabled
		ADDED from src/main/AndroidManifest.xml:37:65-87
	android:name
		ADDED from src/main/AndroidManifest.xml:37:19-64
intent-filter#action:name:android.net.conn.CONNECTIVITY_CHANGE
ADDED from src/main/AndroidManifest.xml:38:13-40:29
action#android.net.conn.CONNECTIVITY_CHANGE
ADDED from src/main/AndroidManifest.xml:39:17-86
	android:name
		ADDED from src/main/AndroidManifest.xml:39:25-76
activity#routerconfigration.DashBoard
ADDED from src/main/AndroidManifest.xml:44:9-56:20
	android:screenOrientation
		ADDED from src/main/AndroidManifest.xml:47:13-49
	android:label
		ADDED from src/main/AndroidManifest.xml:49:13-45
	android:configChanges
		ADDED from src/main/AndroidManifest.xml:46:13-48
	android:theme
		ADDED from src/main/AndroidManifest.xml:45:13-51
	android:name
		ADDED from src/main/AndroidManifest.xml:48:13-56
intent-filter#action:name:android.intent.action.MAIN+category:name:android.intent.category.LAUNCHER
ADDED from src/main/AndroidManifest.xml:51:13-55:29
action#android.intent.action.MAIN
ADDED from src/main/AndroidManifest.xml:52:17-69
	android:name
		ADDED from src/main/AndroidManifest.xml:52:25-66
category#android.intent.category.LAUNCHER
ADDED from src/main/AndroidManifest.xml:54:17-77
	android:name
		ADDED from src/main/AndroidManifest.xml:54:27-74
activity#routerconfigration.Rehber
ADDED from src/main/AndroidManifest.xml:58:9-70:20
	android:screenOrientation
		ADDED from src/main/AndroidManifest.xml:61:13-49
	android:label
		ADDED from src/main/AndroidManifest.xml:63:13-45
	android:configChanges
		ADDED from src/main/AndroidManifest.xml:60:13-48
	android:theme
		ADDED from src/main/AndroidManifest.xml:59:13-60
	android:name
		ADDED from src/main/AndroidManifest.xml:62:13-53
intent-filter#action:name:android.intent.action.REHBER+category:name:android.intent.category.DEFAULT
ADDED from src/main/AndroidManifest.xml:65:13-69:29
action#android.intent.action.REHBER
ADDED from src/main/AndroidManifest.xml:66:17-71
	android:name
		ADDED from src/main/AndroidManifest.xml:66:25-68
category#android.intent.category.DEFAULT
ADDED from src/main/AndroidManifest.xml:68:17-76
	android:name
		ADDED from src/main/AndroidManifest.xml:68:27-73
activity#routerconfigration.YeniKayit
ADDED from src/main/AndroidManifest.xml:72:9-84:20
	android:screenOrientation
		ADDED from src/main/AndroidManifest.xml:75:13-49
	android:label
		ADDED from src/main/AndroidManifest.xml:77:13-45
	android:configChanges
		ADDED from src/main/AndroidManifest.xml:74:13-48
	android:name
		ADDED from src/main/AndroidManifest.xml:76:13-56
intent-filter#action:name:android.intent.action.YENIKAYIT+category:name:android.intent.category.DEFAULT
ADDED from src/main/AndroidManifest.xml:79:13-83:29
action#android.intent.action.YENIKAYIT
ADDED from src/main/AndroidManifest.xml:80:17-74
	android:name
		ADDED from src/main/AndroidManifest.xml:80:25-71
activity#routerconfigration.DurumSorgula
ADDED from src/main/AndroidManifest.xml:86:9-97:20
	android:screenOrientation
		ADDED from src/main/AndroidManifest.xml:88:13-49
	android:label
		ADDED from src/main/AndroidManifest.xml:90:13-45
	android:configChanges
		ADDED from src/main/AndroidManifest.xml:87:13-48
	android:name
		ADDED from src/main/AndroidManifest.xml:89:13-59
intent-filter#action:name:android.intent.action.DURUMSORGULA+category:name:android.intent.category.DEFAULT
ADDED from src/main/AndroidManifest.xml:92:13-96:29
action#android.intent.action.DURUMSORGULA
ADDED from src/main/AndroidManifest.xml:93:17-77
	android:name
		ADDED from src/main/AndroidManifest.xml:93:25-74
activity#routerconfigration.ParametreDegistir
ADDED from src/main/AndroidManifest.xml:99:9-110:20
	android:screenOrientation
		ADDED from src/main/AndroidManifest.xml:101:13-49
	android:label
		ADDED from src/main/AndroidManifest.xml:103:13-45
	android:configChanges
		ADDED from src/main/AndroidManifest.xml:100:13-48
	android:name
		ADDED from src/main/AndroidManifest.xml:102:13-64
intent-filter#action:name:android.intent.action.PARAMETREDEGISTIR+category:name:android.intent.category.DEFAULT
ADDED from src/main/AndroidManifest.xml:105:13-109:29
action#android.intent.action.PARAMETREDEGISTIR
ADDED from src/main/AndroidManifest.xml:106:17-82
	android:name
		ADDED from src/main/AndroidManifest.xml:106:25-79
activity#routerconfigration.LanAyarlari
ADDED from src/main/AndroidManifest.xml:112:9-123:20
	android:screenOrientation
		ADDED from src/main/AndroidManifest.xml:114:13-49
	android:label
		ADDED from src/main/AndroidManifest.xml:116:13-45
	android:configChanges
		ADDED from src/main/AndroidManifest.xml:113:13-48
	android:name
		ADDED from src/main/AndroidManifest.xml:115:13-58
intent-filter#action:name:android.intent.action.LANAYARLARI+category:name:android.intent.category.DEFAULT
ADDED from src/main/AndroidManifest.xml:118:13-122:29
action#android.intent.action.LANAYARLARI
ADDED from src/main/AndroidManifest.xml:119:17-76
	android:name
		ADDED from src/main/AndroidManifest.xml:119:25-73
activity#routerconfigration.ApnAyarlari
ADDED from src/main/AndroidManifest.xml:125:9-136:20
	android:screenOrientation
		ADDED from src/main/AndroidManifest.xml:127:13-49
	android:label
		ADDED from src/main/AndroidManifest.xml:129:13-45
	android:configChanges
		ADDED from src/main/AndroidManifest.xml:126:13-48
	android:name
		ADDED from src/main/AndroidManifest.xml:128:13-58
intent-filter#action:name:android.intent.action.APNAYARLARI+category:name:android.intent.category.DEFAULT
ADDED from src/main/AndroidManifest.xml:131:13-135:29
action#android.intent.action.APNAYARLARI
ADDED from src/main/AndroidManifest.xml:132:17-76
	android:name
		ADDED from src/main/AndroidManifest.xml:132:25-73
activity#routerconfigration.SunucuAyarlari
ADDED from src/main/AndroidManifest.xml:138:9-149:20
	android:screenOrientation
		ADDED from src/main/AndroidManifest.xml:140:13-49
	android:label
		ADDED from src/main/AndroidManifest.xml:142:13-45
	android:configChanges
		ADDED from src/main/AndroidManifest.xml:139:13-48
	android:name
		ADDED from src/main/AndroidManifest.xml:141:13-61
intent-filter#action:name:android.intent.action.SUNUCUAYARLARI+category:name:android.intent.category.DEFAULT
ADDED from src/main/AndroidManifest.xml:144:13-148:29
action#android.intent.action.SUNUCUAYARLARI
ADDED from src/main/AndroidManifest.xml:145:17-79
	android:name
		ADDED from src/main/AndroidManifest.xml:145:25-76
activity#routerconfigration.TamKurulum
ADDED from src/main/AndroidManifest.xml:151:9-162:20
	android:screenOrientation
		ADDED from src/main/AndroidManifest.xml:153:13-49
	android:label
		ADDED from src/main/AndroidManifest.xml:155:13-45
	android:configChanges
		ADDED from src/main/AndroidManifest.xml:152:13-48
	android:name
		ADDED from src/main/AndroidManifest.xml:154:13-57
intent-filter#action:name:android.intent.action.TamKurulum+category:name:android.intent.category.DEFAULT
ADDED from src/main/AndroidManifest.xml:157:13-161:29
action#android.intent.action.TamKurulum
ADDED from src/main/AndroidManifest.xml:158:17-75
	android:name
		ADDED from src/main/AndroidManifest.xml:158:25-72
activity#com.database.MainActivity
ADDED from src/main/AndroidManifest.xml:165:9-176:20
	android:screenOrientation
		ADDED from src/main/AndroidManifest.xml:168:13-49
	android:label
		ADDED from src/main/AndroidManifest.xml:170:13-45
	android:configChanges
		ADDED from src/main/AndroidManifest.xml:167:13-48
	android:name
		ADDED from src/main/AndroidManifest.xml:169:13-53
intent-filter#action:name:android.intent.action.MAINACTIVITY+category:name:android.intent.category.DEFAULT
ADDED from src/main/AndroidManifest.xml:171:13-175:29
action#android.intent.action.MAINACTIVITY
ADDED from src/main/AndroidManifest.xml:172:17-77
	android:name
		ADDED from src/main/AndroidManifest.xml:172:25-74
activity#com.database.KitapEkle
ADDED from src/main/AndroidManifest.xml:177:9-185:20
	android:screenOrientation
		ADDED from src/main/AndroidManifest.xml:179:13-49
	android:parentActivityName
		ADDED from src/main/AndroidManifest.xml:181:13-81
	android:configChanges
		ADDED from src/main/AndroidManifest.xml:178:13-48
	android:name
		ADDED from src/main/AndroidManifest.xml:180:13-50
meta-data#android.support.UI_OPTIONS
ADDED from src/main/AndroidManifest.xml:183:13-184:63
	android:value
		ADDED from src/main/AndroidManifest.xml:184:20-60
	android:name
		ADDED from src/main/AndroidManifest.xml:183:24-65
activity#com.database.KitapDetay
ADDED from src/main/AndroidManifest.xml:186:10-195:20
	android:screenOrientation
		ADDED from src/main/AndroidManifest.xml:189:14-50
	android:parentActivityName
		ADDED from src/main/AndroidManifest.xml:191:13-81
	android:configChanges
		ADDED from src/main/AndroidManifest.xml:188:14-49
	android:theme
		ADDED from src/main/AndroidManifest.xml:187:14-61
	android:name
		ADDED from src/main/AndroidManifest.xml:190:13-51
activity#com.database.KitapDuzenle
ADDED from src/main/AndroidManifest.xml:196:10-205:20
	android:screenOrientation
		ADDED from src/main/AndroidManifest.xml:199:14-50
	android:parentActivityName
		ADDED from src/main/AndroidManifest.xml:201:13-81
	android:configChanges
		ADDED from src/main/AndroidManifest.xml:198:14-49
	android:theme
		ADDED from src/main/AndroidManifest.xml:197:14-61
	android:name
		ADDED from src/main/AndroidManifest.xml:200:13-53
activity#searchablespinnermine.Mainm
ADDED from src/main/AndroidManifest.xml:207:9-216:20
	android:screenOrientation
		ADDED from src/main/AndroidManifest.xml:210:13-49
	android:parentActivityName
		ADDED from src/main/AndroidManifest.xml:212:13-81
	android:configChanges
		ADDED from src/main/AndroidManifest.xml:209:13-48
	android:theme
		ADDED from src/main/AndroidManifest.xml:208:13-60
	android:name
		ADDED from src/main/AndroidManifest.xml:211:13-55
meta-data#io.fabric.ApiKey
ADDED from src/main/AndroidManifest.xml:218:9-221:15
	android:value
		ADDED from src/main/AndroidManifest.xml:220:13-69
	android:name
		ADDED from src/main/AndroidManifest.xml:219:13-44
meta-data#android.support.VERSION
ADDED from [com.android.support:design:26.0.0] AndroidManifest.xml:26:9-28:38
MERGED from [com.android.support:appcompat-v7:26.0.0] AndroidManifest.xml:26:9-28:38
MERGED from [com.android.support:appcompat-v7:26.0.0] AndroidManifest.xml:26:9-28:38
MERGED from [com.android.support:transition:26.0.0] AndroidManifest.xml:23:9-25:38
MERGED from [com.android.support:transition:26.0.0] AndroidManifest.xml:23:9-25:38
MERGED from [com.android.support:support-v4:26.0.0] AndroidManifest.xml:26:9-28:38
MERGED from [com.android.support:support-v4:26.0.0] AndroidManifest.xml:26:9-28:38
MERGED from [com.android.support:support-media-compat:26.0.0] AndroidManifest.xml:26:9-28:38
MERGED from [com.android.support:support-media-compat:26.0.0] AndroidManifest.xml:26:9-28:38
MERGED from [com.android.support:support-fragment:26.0.0] AndroidManifest.xml:26:9-28:38
MERGED from [com.android.support:support-fragment:26.0.0] AndroidManifest.xml:26:9-28:38
MERGED from [com.android.support:support-core-utils:26.0.0] AndroidManifest.xml:26:9-28:38
MERGED from [com.android.support:support-core-utils:26.0.0] AndroidManifest.xml:26:9-28:38
MERGED from [com.android.support:animated-vector-drawable:26.0.0] AndroidManifest.xml:23:9-25:38
MERGED from [com.android.support:animated-vector-drawable:26.0.0] AndroidManifest.xml:23:9-25:38
MERGED from [com.android.support:recyclerview-v7:26.0.0] AndroidManifest.xml:23:9-25:38
MERGED from [com.android.support:recyclerview-v7:26.0.0] AndroidManifest.xml:23:9-25:38
MERGED from [com.android.support:support-core-ui:26.0.0] AndroidManifest.xml:26:9-28:38
MERGED from [com.android.support:support-core-ui:26.0.0] AndroidManifest.xml:26:9-28:38
MERGED from [com.android.support:support-vector-drawable:26.0.0] AndroidManifest.xml:23:9-25:38
MERGED from [com.android.support:support-vector-drawable:26.0.0] AndroidManifest.xml:23:9-25:38
MERGED from [com.android.support:support-compat:26.0.0] AndroidManifest.xml:26:9-28:38
MERGED from [com.android.support:support-compat:26.0.0] AndroidManifest.xml:26:9-28:38
	android:value
		ADDED from [com.android.support:design:26.0.0] AndroidManifest.xml:28:13-35
	android:name
		ADDED from [com.android.support:design:26.0.0] AndroidManifest.xml:27:13-51